#! /c/Source/iverilog-install/bin/vvp
:ivl_version "12.0 (devel)" "(s20150603-1110-g18392a46)";
:ivl_delay_selection "TYPICAL";
:vpi_time_precision + 0;
:vpi_module "C:\iverilog\lib\ivl\system.vpi";
:vpi_module "C:\iverilog\lib\ivl\vhdl_sys.vpi";
:vpi_module "C:\iverilog\lib\ivl\vhdl_textio.vpi";
:vpi_module "C:\iverilog\lib\ivl\v2005_math.vpi";
:vpi_module "C:\iverilog\lib\ivl\va_math.vpi";
S_00000215d4396480 .scope module, "fir_gen" "fir_gen" 2 7;
 .timescale 0 0;
    .port_info 0 /INPUT 1 "clk";
    .port_info 1 /INPUT 1 "reset";
    .port_info 2 /INPUT 1 "Load_x";
    .port_info 3 /INPUT 9 "x_in";
    .port_info 4 /INPUT 9 "c_in";
    .port_info 5 /OUTPUT 11 "y_out";
P_00000215d43f5390 .param/l "L" 0 2 12, +C4<00000000000000000000000000001111>;
P_00000215d43f53c8 .param/l "W1" 0 2 8, +C4<00000000000000000000000000001001>;
P_00000215d43f5400 .param/l "W2" 0 2 9, +C4<00000000000000000000000000010010>;
P_00000215d43f5438 .param/l "W3" 0 2 10, +C4<00000000000000000000000000010011>;
P_00000215d43f5470 .param/l "W4" 0 2 11, +C4<00000000000000000000000000001011>;
o00000215d4406858 .functor BUFZ 1, C4<z>; HiZ drive
v00000215d445f060_0 .net "Load_x", 0 0, o00000215d4406858;  0 drivers
v00000215d445ed40 .array/s "a", 14 0, 18 0;
v00000215d445ede0 .array/s "c", 14 0, 8 0;
o00000215d4406e28 .functor BUFZ 9, C4<zzzzzzzzz>; HiZ drive
v00000215d445e340_0 .net/s "c_in", 8 0, o00000215d4406e28;  0 drivers
o00000215d4406e58 .functor BUFZ 1, C4<z>; HiZ drive
v00000215d445e0c0_0 .net "clk", 0 0, o00000215d4406e58;  0 drivers
v00000215d445e660 .array "p", 14 0;
v00000215d445e660_0 .net/s v00000215d445e660 0, 17 0, L_00000215d445e480; 1 drivers
v00000215d445e660_1 .net/s v00000215d445e660 1, 17 0, L_00000215d445e520; 1 drivers
v00000215d445e660_2 .net/s v00000215d445e660 2, 17 0, L_00000215d445fc40; 1 drivers
v00000215d445e660_3 .net/s v00000215d445e660 3, 17 0, L_00000215d445f920; 1 drivers
v00000215d445e660_4 .net/s v00000215d445e660 4, 17 0, L_00000215d445f100; 1 drivers
v00000215d445e660_5 .net/s v00000215d445e660 5, 17 0, L_00000215d445fa60; 1 drivers
v00000215d445e660_6 .net/s v00000215d445e660 6, 17 0, L_00000215d445f7e0; 1 drivers
v00000215d445e660_7 .net/s v00000215d445e660 7, 17 0, L_00000215d445f380; 1 drivers
v00000215d445e660_8 .net/s v00000215d445e660 8, 17 0, L_00000215d445fb00; 1 drivers
v00000215d445e660_9 .net/s v00000215d445e660 9, 17 0, L_00000215d4463e90; 1 drivers
v00000215d445e660_10 .net/s v00000215d445e660 10, 17 0, L_00000215d44632b0; 1 drivers
v00000215d445e660_11 .net/s v00000215d445e660 11, 17 0, L_00000215d4464430; 1 drivers
v00000215d445e660_12 .net/s v00000215d445e660 12, 17 0, L_00000215d44638f0; 1 drivers
v00000215d445e660_13 .net/s v00000215d445e660 13, 17 0, L_00000215d4464390; 1 drivers
v00000215d445e660_14 .net/s v00000215d445e660 14, 17 0, L_00000215d4463030; 1 drivers
o00000215d4407158 .functor BUFZ 1, C4<z>; HiZ drive
v00000215d445ee80_0 .net "reset", 0 0, o00000215d4407158;  0 drivers
v00000215d445e5c0_0 .var/s "x", 8 0;
o00000215d44071b8 .functor BUFZ 9, C4<zzzzzzzzz>; HiZ drive
v00000215d445e700_0 .net/s "x_in", 8 0, o00000215d44071b8;  0 drivers
v00000215d445ed40_0 .array/port v00000215d445ed40, 0;
v00000215d445e3e0_0 .net/s "y", 18 0, v00000215d445ed40_0;  1 drivers
v00000215d445fce0_0 .net/s "y_out", 10 0, L_00000215d4464750;  1 drivers
E_00000215d44017a0 .event posedge, v00000215d445ee80_0, v00000215d445e0c0_0;
L_00000215d4464750 .part v00000215d445ed40_0, 8, 11;
S_00000215d4396610 .scope begin, "Load" "Load" 2 30, 2 30 0, S_00000215d4396480;
 .timescale 0 0;
v00000215d43f9680_0 .var/i "k", 31 0;
S_00000215d43967a0 .scope generate, "MulGen[0]" "MulGen[0]" 2 84, 2 84 0, S_00000215d4396480;
 .timescale 0 0;
P_00000215d4400fe0 .param/l "I" 0 2 84, +C4<00>;
v00000215d43f9e00_0 .net/s *"_ivl_1", 17 0, L_00000215d445f600;  1 drivers
v00000215d43fa1c0_0 .net/s *"_ivl_4", 17 0, L_00000215d445f2e0;  1 drivers
L_00000215d445f600 .extend/s 18, v00000215d445e5c0_0;
v00000215d445ede0_0 .array/port v00000215d445ede0, 0;
L_00000215d445f2e0 .extend/s 18, v00000215d445ede0_0;
L_00000215d445e480 .arith/mult 18, L_00000215d445f600, L_00000215d445f2e0;
S_00000215d445d030 .scope generate, "MulGen[1]" "MulGen[1]" 2 84, 2 84 0, S_00000215d4396480;
 .timescale 0 0;
P_00000215d4401220 .param/l "I" 0 2 84, +C4<01>;
v00000215d43fa260_0 .net/s *"_ivl_1", 17 0, L_00000215d445fd80;  1 drivers
v00000215d43f9720_0 .net/s *"_ivl_4", 17 0, L_00000215d445f6a0;  1 drivers
L_00000215d445fd80 .extend/s 18, v00000215d445e5c0_0;
v00000215d445ede0_1 .array/port v00000215d445ede0, 1;
L_00000215d445f6a0 .extend/s 18, v00000215d445ede0_1;
L_00000215d445e520 .arith/mult 18, L_00000215d445fd80, L_00000215d445f6a0;
S_00000215d445d1c0 .scope generate, "MulGen[2]" "MulGen[2]" 2 84, 2 84 0, S_00000215d4396480;
 .timescale 0 0;
P_00000215d44011e0 .param/l "I" 0 2 84, +C4<010>;
v00000215d43f95e0_0 .net/s *"_ivl_1", 17 0, L_00000215d445eca0;  1 drivers
v00000215d43f9ae0_0 .net/s *"_ivl_4", 17 0, L_00000215d445fe20;  1 drivers
L_00000215d445eca0 .extend/s 18, v00000215d445e5c0_0;
v00000215d445ede0_2 .array/port v00000215d445ede0, 2;
L_00000215d445fe20 .extend/s 18, v00000215d445ede0_2;
L_00000215d445fc40 .arith/mult 18, L_00000215d445eca0, L_00000215d445fe20;
S_00000215d445d350 .scope generate, "MulGen[3]" "MulGen[3]" 2 84, 2 84 0, S_00000215d4396480;
 .timescale 0 0;
P_00000215d4400f20 .param/l "I" 0 2 84, +C4<011>;
v00000215d43f97c0_0 .net/s *"_ivl_1", 17 0, L_00000215d445e840;  1 drivers
v00000215d43f9c20_0 .net/s *"_ivl_4", 17 0, L_00000215d445f420;  1 drivers
L_00000215d445e840 .extend/s 18, v00000215d445e5c0_0;
v00000215d445ede0_3 .array/port v00000215d445ede0, 3;
L_00000215d445f420 .extend/s 18, v00000215d445ede0_3;
L_00000215d445f920 .arith/mult 18, L_00000215d445e840, L_00000215d445f420;
S_00000215d445d4e0 .scope generate, "MulGen[4]" "MulGen[4]" 2 84, 2 84 0, S_00000215d4396480;
 .timescale 0 0;
P_00000215d44012e0 .param/l "I" 0 2 84, +C4<0100>;
v00000215d43f9ea0_0 .net/s *"_ivl_1", 17 0, L_00000215d445e8e0;  1 drivers
v00000215d43f9860_0 .net/s *"_ivl_4", 17 0, L_00000215d445f740;  1 drivers
L_00000215d445e8e0 .extend/s 18, v00000215d445e5c0_0;
v00000215d445ede0_4 .array/port v00000215d445ede0, 4;
L_00000215d445f740 .extend/s 18, v00000215d445ede0_4;
L_00000215d445f100 .arith/mult 18, L_00000215d445e8e0, L_00000215d445f740;
S_00000215d445d670 .scope generate, "MulGen[5]" "MulGen[5]" 2 84, 2 84 0, S_00000215d4396480;
 .timescale 0 0;
P_00000215d44017e0 .param/l "I" 0 2 84, +C4<0101>;
v00000215d43f9f40_0 .net/s *"_ivl_1", 17 0, L_00000215d445e980;  1 drivers
v00000215d43f9900_0 .net/s *"_ivl_4", 17 0, L_00000215d445f1a0;  1 drivers
L_00000215d445e980 .extend/s 18, v00000215d445e5c0_0;
v00000215d445ede0_5 .array/port v00000215d445ede0, 5;
L_00000215d445f1a0 .extend/s 18, v00000215d445ede0_5;
L_00000215d445fa60 .arith/mult 18, L_00000215d445e980, L_00000215d445f1a0;
S_00000215d445d800 .scope generate, "MulGen[6]" "MulGen[6]" 2 84, 2 84 0, S_00000215d4396480;
 .timescale 0 0;
P_00000215d4400aa0 .param/l "I" 0 2 84, +C4<0110>;
v00000215d43f9fe0_0 .net/s *"_ivl_1", 17 0, L_00000215d445f240;  1 drivers
v00000215d43fa080_0 .net/s *"_ivl_4", 17 0, L_00000215d445e200;  1 drivers
L_00000215d445f240 .extend/s 18, v00000215d445e5c0_0;
v00000215d445ede0_6 .array/port v00000215d445ede0, 6;
L_00000215d445e200 .extend/s 18, v00000215d445ede0_6;
L_00000215d445f7e0 .arith/mult 18, L_00000215d445f240, L_00000215d445e200;
S_00000215d445d990 .scope generate, "MulGen[7]" "MulGen[7]" 2 84, 2 84 0, S_00000215d4396480;
 .timescale 0 0;
P_00000215d44014a0 .param/l "I" 0 2 84, +C4<0111>;
v00000215d43f99a0_0 .net/s *"_ivl_1", 17 0, L_00000215d445eb60;  1 drivers
v00000215d43f94a0_0 .net/s *"_ivl_4", 17 0, L_00000215d445ec00;  1 drivers
L_00000215d445eb60 .extend/s 18, v00000215d445e5c0_0;
v00000215d445ede0_7 .array/port v00000215d445ede0, 7;
L_00000215d445ec00 .extend/s 18, v00000215d445ede0_7;
L_00000215d445f380 .arith/mult 18, L_00000215d445eb60, L_00000215d445ec00;
S_00000215d445db20 .scope generate, "MulGen[8]" "MulGen[8]" 2 84, 2 84 0, S_00000215d4396480;
 .timescale 0 0;
P_00000215d4401860 .param/l "I" 0 2 84, +C4<01000>;
v00000215d43fa300_0 .net/s *"_ivl_1", 17 0, L_00000215d445f880;  1 drivers
v00000215d43fa120_0 .net/s *"_ivl_4", 17 0, L_00000215d445fec0;  1 drivers
L_00000215d445f880 .extend/s 18, v00000215d445e5c0_0;
v00000215d445ede0_8 .array/port v00000215d445ede0, 8;
L_00000215d445fec0 .extend/s 18, v00000215d445ede0_8;
L_00000215d445fb00 .arith/mult 18, L_00000215d445f880, L_00000215d445fec0;
S_00000215d445dcb0 .scope generate, "MulGen[9]" "MulGen[9]" 2 84, 2 84 0, S_00000215d4396480;
 .timescale 0 0;
P_00000215d44018a0 .param/l "I" 0 2 84, +C4<01001>;
v00000215d43f9a40_0 .net/s *"_ivl_1", 17 0, L_00000215d445e160;  1 drivers
v00000215d43f9cc0_0 .net/s *"_ivl_4", 17 0, L_00000215d4464110;  1 drivers
L_00000215d445e160 .extend/s 18, v00000215d445e5c0_0;
v00000215d445ede0_9 .array/port v00000215d445ede0, 9;
L_00000215d4464110 .extend/s 18, v00000215d445ede0_9;
L_00000215d4463e90 .arith/mult 18, L_00000215d445e160, L_00000215d4464110;
S_00000215d445de40 .scope generate, "MulGen[10]" "MulGen[10]" 2 84, 2 84 0, S_00000215d4396480;
 .timescale 0 0;
P_00000215d4401160 .param/l "I" 0 2 84, +C4<01010>;
v00000215d445fba0_0 .net/s *"_ivl_1", 17 0, L_00000215d4463f30;  1 drivers
v00000215d445e020_0 .net/s *"_ivl_4", 17 0, L_00000215d4462f90;  1 drivers
L_00000215d4463f30 .extend/s 18, v00000215d445e5c0_0;
v00000215d445ede0_10 .array/port v00000215d445ede0, 10;
L_00000215d4462f90 .extend/s 18, v00000215d445ede0_10;
L_00000215d44632b0 .arith/mult 18, L_00000215d4463f30, L_00000215d4462f90;
S_00000215d445ffe0 .scope generate, "MulGen[11]" "MulGen[11]" 2 84, 2 84 0, S_00000215d4396480;
 .timescale 0 0;
P_00000215d4400be0 .param/l "I" 0 2 84, +C4<01011>;
v00000215d445ef20_0 .net/s *"_ivl_1", 17 0, L_00000215d4464070;  1 drivers
v00000215d445e2a0_0 .net/s *"_ivl_4", 17 0, L_00000215d44629f0;  1 drivers
L_00000215d4464070 .extend/s 18, v00000215d445e5c0_0;
v00000215d445ede0_11 .array/port v00000215d445ede0, 11;
L_00000215d44629f0 .extend/s 18, v00000215d445ede0_11;
L_00000215d4464430 .arith/mult 18, L_00000215d4464070, L_00000215d44629f0;
S_00000215d4460170 .scope generate, "MulGen[12]" "MulGen[12]" 2 84, 2 84 0, S_00000215d4396480;
 .timescale 0 0;
P_00000215d4401460 .param/l "I" 0 2 84, +C4<01100>;
v00000215d445f9c0_0 .net/s *"_ivl_1", 17 0, L_00000215d4462a90;  1 drivers
v00000215d445f4c0_0 .net/s *"_ivl_4", 17 0, L_00000215d44644d0;  1 drivers
L_00000215d4462a90 .extend/s 18, v00000215d445e5c0_0;
v00000215d445ede0_12 .array/port v00000215d445ede0, 12;
L_00000215d44644d0 .extend/s 18, v00000215d445ede0_12;
L_00000215d44638f0 .arith/mult 18, L_00000215d4462a90, L_00000215d44644d0;
S_00000215d4460300 .scope generate, "MulGen[13]" "MulGen[13]" 2 84, 2 84 0, S_00000215d4396480;
 .timescale 0 0;
P_00000215d4400d60 .param/l "I" 0 2 84, +C4<01101>;
v00000215d445eac0_0 .net/s *"_ivl_1", 17 0, L_00000215d4462d10;  1 drivers
v00000215d445ea20_0 .net/s *"_ivl_4", 17 0, L_00000215d4462b30;  1 drivers
L_00000215d4462d10 .extend/s 18, v00000215d445e5c0_0;
v00000215d445ede0_13 .array/port v00000215d445ede0, 13;
L_00000215d4462b30 .extend/s 18, v00000215d445ede0_13;
L_00000215d4464390 .arith/mult 18, L_00000215d4462d10, L_00000215d4462b30;
S_00000215d4460490 .scope generate, "MulGen[14]" "MulGen[14]" 2 84, 2 84 0, S_00000215d4396480;
 .timescale 0 0;
P_00000215d44011a0 .param/l "I" 0 2 84, +C4<01110>;
v00000215d445f560_0 .net/s *"_ivl_1", 17 0, L_00000215d44633f0;  1 drivers
v00000215d445efc0_0 .net/s *"_ivl_4", 17 0, L_00000215d4463a30;  1 drivers
L_00000215d44633f0 .extend/s 18, v00000215d445e5c0_0;
v00000215d445ede0_14 .array/port v00000215d445ede0, 14;
L_00000215d4463a30 .extend/s 18, v00000215d445ede0_14;
L_00000215d4463030 .arith/mult 18, L_00000215d44633f0, L_00000215d4463a30;
S_00000215d4460670 .scope begin, "SOP" "SOP" 2 57, 2 57 0, S_00000215d4396480;
 .timescale 0 0;
v00000215d445e7a0_0 .var/i "k", 31 0;
    .scope S_00000215d4396480;
T_0 ;
    %wait E_00000215d44017a0;
    %fork t_1, S_00000215d4396610;
    %jmp t_0;
    .scope S_00000215d4396610;
t_1 ;
    %load/vec4 v00000215d445ee80_0;
    %flag_set/vec4 8;
    %jmp/0xz  T_0.0, 8;
    %pushi/vec4 0, 0, 32;
    %store/vec4 v00000215d43f9680_0, 0, 32;
T_0.2 ;
    %load/vec4 v00000215d43f9680_0;
    %cmpi/s 14, 0, 32;
    %flag_or 5, 4;
    %jmp/0xz T_0.3, 5;
    %pushi/vec4 0, 0, 9;
    %ix/getv/s 3, v00000215d43f9680_0;
    %ix/load 4, 0, 0; Constant delay
    %assign/vec4/a/d v00000215d445ede0, 0, 4;
    %load/vec4 v00000215d43f9680_0;
    %addi 1, 0, 32;
    %store/vec4 v00000215d43f9680_0, 0, 32;
    %jmp T_0.2;
T_0.3 ;
    %pushi/vec4 0, 0, 9;
    %assign/vec4 v00000215d445e5c0_0, 0;
    %jmp T_0.1;
T_0.0 ;
    %load/vec4 v00000215d445f060_0;
    %nor/r;
    %flag_set/vec4 8;
    %jmp/0xz  T_0.4, 8;
    %load/vec4 v00000215d445e340_0;
    %ix/load 3, 14, 0;
    %flag_set/imm 4, 0;
    %ix/load 4, 0, 0; Constant delay
    %assign/vec4/a/d v00000215d445ede0, 0, 4;
    %ix/load 4, 14, 0;
    %flag_set/imm 4, 0;
    %load/vec4a v00000215d445ede0, 4;
    %ix/load 3, 13, 0;
    %flag_set/imm 4, 0;
    %ix/load 4, 0, 0; Constant delay
    %assign/vec4/a/d v00000215d445ede0, 0, 4;
    %ix/load 4, 13, 0;
    %flag_set/imm 4, 0;
    %load/vec4a v00000215d445ede0, 4;
    %ix/load 3, 12, 0;
    %flag_set/imm 4, 0;
    %ix/load 4, 0, 0; Constant delay
    %assign/vec4/a/d v00000215d445ede0, 0, 4;
    %ix/load 4, 12, 0;
    %flag_set/imm 4, 0;
    %load/vec4a v00000215d445ede0, 4;
    %ix/load 3, 11, 0;
    %flag_set/imm 4, 0;
    %ix/load 4, 0, 0; Constant delay
    %assign/vec4/a/d v00000215d445ede0, 0, 4;
    %ix/load 4, 11, 0;
    %flag_set/imm 4, 0;
    %load/vec4a v00000215d445ede0, 4;
    %ix/load 3, 10, 0;
    %flag_set/imm 4, 0;
    %ix/load 4, 0, 0; Constant delay
    %assign/vec4/a/d v00000215d445ede0, 0, 4;
    %ix/load 4, 10, 0;
    %flag_set/imm 4, 0;
    %load/vec4a v00000215d445ede0, 4;
    %ix/load 3, 9, 0;
    %flag_set/imm 4, 0;
    %ix/load 4, 0, 0; Constant delay
    %assign/vec4/a/d v00000215d445ede0, 0, 4;
    %ix/load 4, 9, 0;
    %flag_set/imm 4, 0;
    %load/vec4a v00000215d445ede0, 4;
    %ix/load 3, 8, 0;
    %flag_set/imm 4, 0;
    %ix/load 4, 0, 0; Constant delay
    %assign/vec4/a/d v00000215d445ede0, 0, 4;
    %ix/load 4, 8, 0;
    %flag_set/imm 4, 0;
    %load/vec4a v00000215d445ede0, 4;
    %ix/load 3, 7, 0;
    %flag_set/imm 4, 0;
    %ix/load 4, 0, 0; Constant delay
    %assign/vec4/a/d v00000215d445ede0, 0, 4;
    %ix/load 4, 7, 0;
    %flag_set/imm 4, 0;
    %load/vec4a v00000215d445ede0, 4;
    %ix/load 3, 6, 0;
    %flag_set/imm 4, 0;
    %ix/load 4, 0, 0; Constant delay
    %assign/vec4/a/d v00000215d445ede0, 0, 4;
    %ix/load 4, 6, 0;
    %flag_set/imm 4, 0;
    %load/vec4a v00000215d445ede0, 4;
    %ix/load 3, 5, 0;
    %flag_set/imm 4, 0;
    %ix/load 4, 0, 0; Constant delay
    %assign/vec4/a/d v00000215d445ede0, 0, 4;
    %ix/load 4, 5, 0;
    %flag_set/imm 4, 0;
    %load/vec4a v00000215d445ede0, 4;
    %ix/load 3, 4, 0;
    %flag_set/imm 4, 0;
    %ix/load 4, 0, 0; Constant delay
    %assign/vec4/a/d v00000215d445ede0, 0, 4;
    %ix/load 4, 4, 0;
    %flag_set/imm 4, 0;
    %load/vec4a v00000215d445ede0, 4;
    %ix/load 3, 3, 0;
    %flag_set/imm 4, 0;
    %ix/load 4, 0, 0; Constant delay
    %assign/vec4/a/d v00000215d445ede0, 0, 4;
    %ix/load 4, 3, 0;
    %flag_set/imm 4, 0;
    %load/vec4a v00000215d445ede0, 4;
    %ix/load 3, 2, 0;
    %flag_set/imm 4, 0;
    %ix/load 4, 0, 0; Constant delay
    %assign/vec4/a/d v00000215d445ede0, 0, 4;
    %ix/load 4, 2, 0;
    %flag_set/imm 4, 0;
    %load/vec4a v00000215d445ede0, 4;
    %ix/load 3, 1, 0;
    %flag_set/imm 4, 0;
    %ix/load 4, 0, 0; Constant delay
    %assign/vec4/a/d v00000215d445ede0, 0, 4;
    %ix/load 4, 1, 0;
    %flag_set/imm 4, 0;
    %load/vec4a v00000215d445ede0, 4;
    %ix/load 3, 0, 0;
    %flag_set/imm 4, 0;
    %ix/load 4, 0, 0; Constant delay
    %assign/vec4/a/d v00000215d445ede0, 0, 4;
    %jmp T_0.5;
T_0.4 ;
    %load/vec4 v00000215d445e700_0;
    %assign/vec4 v00000215d445e5c0_0, 0;
T_0.5 ;
T_0.1 ;
    %end;
    .scope S_00000215d4396480;
t_0 %join;
    %jmp T_0;
    .thread T_0;
    .scope S_00000215d4396480;
T_1 ;
    %wait E_00000215d44017a0;
    %fork t_3, S_00000215d4460670;
    %jmp t_2;
    .scope S_00000215d4460670;
t_3 ;
    %load/vec4 v00000215d445ee80_0;
    %flag_set/vec4 8;
    %jmp/0xz  T_1.0, 8;
    %pushi/vec4 0, 0, 32;
    %store/vec4 v00000215d445e7a0_0, 0, 32;
T_1.2 ;
    %load/vec4 v00000215d445e7a0_0;
    %cmpi/s 3, 0, 32;
    %flag_or 5, 4;
    %jmp/0xz T_1.3, 5;
    %pushi/vec4 0, 0, 19;
    %ix/getv/s 3, v00000215d445e7a0_0;
    %ix/load 4, 0, 0; Constant delay
    %assign/vec4/a/d v00000215d445ed40, 0, 4;
    %load/vec4 v00000215d445e7a0_0;
    %addi 1, 0, 32;
    %store/vec4 v00000215d445e7a0_0, 0, 32;
    %jmp T_1.2;
T_1.3 ;
    %jmp T_1.1;
T_1.0 ;
    %ix/load 4, 0, 0;
    %flag_set/imm 4, 0;
    %load/vec4a v00000215d445e660, 4;
    %pad/s 19;
    %ix/load 4, 1, 0;
    %flag_set/imm 4, 0;
    %load/vec4a v00000215d445ed40, 4;
    %add;
    %ix/load 3, 0, 0;
    %flag_set/imm 4, 0;
    %ix/load 4, 0, 0; Constant delay
    %assign/vec4/a/d v00000215d445ed40, 0, 4;
    %ix/load 4, 1, 0;
    %flag_set/imm 4, 0;
    %load/vec4a v00000215d445e660, 4;
    %pad/s 19;
    %ix/load 4, 2, 0;
    %flag_set/imm 4, 0;
    %load/vec4a v00000215d445ed40, 4;
    %add;
    %ix/load 3, 1, 0;
    %flag_set/imm 4, 0;
    %ix/load 4, 0, 0; Constant delay
    %assign/vec4/a/d v00000215d445ed40, 0, 4;
    %ix/load 4, 2, 0;
    %flag_set/imm 4, 0;
    %load/vec4a v00000215d445e660, 4;
    %pad/s 19;
    %ix/load 4, 3, 0;
    %flag_set/imm 4, 0;
    %load/vec4a v00000215d445ed40, 4;
    %add;
    %ix/load 3, 2, 0;
    %flag_set/imm 4, 0;
    %ix/load 4, 0, 0; Constant delay
    %assign/vec4/a/d v00000215d445ed40, 0, 4;
    %ix/load 4, 3, 0;
    %flag_set/imm 4, 0;
    %load/vec4a v00000215d445e660, 4;
    %pad/s 19;
    %ix/load 4, 4, 0;
    %flag_set/imm 4, 0;
    %load/vec4a v00000215d445ed40, 4;
    %add;
    %ix/load 3, 3, 0;
    %flag_set/imm 4, 0;
    %ix/load 4, 0, 0; Constant delay
    %assign/vec4/a/d v00000215d445ed40, 0, 4;
    %ix/load 4, 4, 0;
    %flag_set/imm 4, 0;
    %load/vec4a v00000215d445e660, 4;
    %pad/s 19;
    %ix/load 4, 5, 0;
    %flag_set/imm 4, 0;
    %load/vec4a v00000215d445ed40, 4;
    %add;
    %ix/load 3, 4, 0;
    %flag_set/imm 4, 0;
    %ix/load 4, 0, 0; Constant delay
    %assign/vec4/a/d v00000215d445ed40, 0, 4;
    %ix/load 4, 5, 0;
    %flag_set/imm 4, 0;
    %load/vec4a v00000215d445e660, 4;
    %pad/s 19;
    %ix/load 4, 6, 0;
    %flag_set/imm 4, 0;
    %load/vec4a v00000215d445ed40, 4;
    %add;
    %ix/load 3, 5, 0;
    %flag_set/imm 4, 0;
    %ix/load 4, 0, 0; Constant delay
    %assign/vec4/a/d v00000215d445ed40, 0, 4;
    %ix/load 4, 6, 0;
    %flag_set/imm 4, 0;
    %load/vec4a v00000215d445e660, 4;
    %pad/s 19;
    %ix/load 4, 7, 0;
    %flag_set/imm 4, 0;
    %load/vec4a v00000215d445ed40, 4;
    %add;
    %ix/load 3, 6, 0;
    %flag_set/imm 4, 0;
    %ix/load 4, 0, 0; Constant delay
    %assign/vec4/a/d v00000215d445ed40, 0, 4;
    %ix/load 4, 7, 0;
    %flag_set/imm 4, 0;
    %load/vec4a v00000215d445e660, 4;
    %pad/s 19;
    %ix/load 4, 8, 0;
    %flag_set/imm 4, 0;
    %load/vec4a v00000215d445ed40, 4;
    %add;
    %ix/load 3, 7, 0;
    %flag_set/imm 4, 0;
    %ix/load 4, 0, 0; Constant delay
    %assign/vec4/a/d v00000215d445ed40, 0, 4;
    %ix/load 4, 8, 0;
    %flag_set/imm 4, 0;
    %load/vec4a v00000215d445e660, 4;
    %pad/s 19;
    %ix/load 4, 9, 0;
    %flag_set/imm 4, 0;
    %load/vec4a v00000215d445ed40, 4;
    %add;
    %ix/load 3, 8, 0;
    %flag_set/imm 4, 0;
    %ix/load 4, 0, 0; Constant delay
    %assign/vec4/a/d v00000215d445ed40, 0, 4;
    %ix/load 4, 9, 0;
    %flag_set/imm 4, 0;
    %load/vec4a v00000215d445e660, 4;
    %pad/s 19;
    %ix/load 4, 10, 0;
    %flag_set/imm 4, 0;
    %load/vec4a v00000215d445ed40, 4;
    %add;
    %ix/load 3, 9, 0;
    %flag_set/imm 4, 0;
    %ix/load 4, 0, 0; Constant delay
    %assign/vec4/a/d v00000215d445ed40, 0, 4;
    %ix/load 4, 10, 0;
    %flag_set/imm 4, 0;
    %load/vec4a v00000215d445e660, 4;
    %pad/s 19;
    %ix/load 4, 11, 0;
    %flag_set/imm 4, 0;
    %load/vec4a v00000215d445ed40, 4;
    %add;
    %ix/load 3, 10, 0;
    %flag_set/imm 4, 0;
    %ix/load 4, 0, 0; Constant delay
    %assign/vec4/a/d v00000215d445ed40, 0, 4;
    %ix/load 4, 11, 0;
    %flag_set/imm 4, 0;
    %load/vec4a v00000215d445e660, 4;
    %pad/s 19;
    %ix/load 4, 12, 0;
    %flag_set/imm 4, 0;
    %load/vec4a v00000215d445ed40, 4;
    %add;
    %ix/load 3, 11, 0;
    %flag_set/imm 4, 0;
    %ix/load 4, 0, 0; Constant delay
    %assign/vec4/a/d v00000215d445ed40, 0, 4;
    %ix/load 4, 12, 0;
    %flag_set/imm 4, 0;
    %load/vec4a v00000215d445e660, 4;
    %pad/s 19;
    %ix/load 4, 13, 0;
    %flag_set/imm 4, 0;
    %load/vec4a v00000215d445ed40, 4;
    %add;
    %ix/load 3, 12, 0;
    %flag_set/imm 4, 0;
    %ix/load 4, 0, 0; Constant delay
    %assign/vec4/a/d v00000215d445ed40, 0, 4;
    %ix/load 4, 13, 0;
    %flag_set/imm 4, 0;
    %load/vec4a v00000215d445e660, 4;
    %pad/s 19;
    %ix/load 4, 14, 0;
    %flag_set/imm 4, 0;
    %load/vec4a v00000215d445ed40, 4;
    %add;
    %ix/load 3, 13, 0;
    %flag_set/imm 4, 0;
    %ix/load 4, 0, 0; Constant delay
    %assign/vec4/a/d v00000215d445ed40, 0, 4;
    %ix/load 4, 14, 0;
    %flag_set/imm 4, 0;
    %load/vec4a v00000215d445e660, 4;
    %pad/s 19;
    %ix/load 3, 14, 0;
    %flag_set/imm 4, 0;
    %ix/load 4, 0, 0; Constant delay
    %assign/vec4/a/d v00000215d445ed40, 0, 4;
T_1.1 ;
    %end;
    .scope S_00000215d4396480;
t_2 %join;
    %jmp T_1;
    .thread T_1;
# The file index is used to find the file name in the following table.
:file_names 3;
    "N/A";
    "<interactive>";
    ".\fir_gen.v";
